


ARM Macro Assembler    Page 1 


    1 00000000         ;******************** (C) COPYRIGHT 2019 MindMotion ****
                       ****************
    2 00000000         ;* file               : startup_MM32F003_q.s
    3 00000000         ;* author             : AE Team
    4 00000000         ;* version            : V1.0.8
    5 00000000         ;* date               : 10/04/2019
    6 00000000         ;* Description        : Amount of memory (in bytes) allo
                       cated for Stack
    7 00000000         ;                       Tailor this value to your applic
                       ation needs
    8 00000000         ; <h> Stack Configuration
    9 00000000         ;   <o> Stack Size (in Bytes) <0x0-0xFFFFFFFF:8>
   10 00000000         ; </h>
   11 00000000         
   12 00000000 00000200 
                       Stack_Size
                               EQU              0x00000200
   13 00000000         
   14 00000000                 AREA             STACK, NOINIT, READWRITE, ALIGN
=3
   15 00000000         Stack_Mem
                               SPACE            Stack_Size
   16 00000200         __initial_sp
   17 00000200         
   18 00000200         
   19 00000200         ; <h> Heap Configuration
   20 00000200         ;   <o>  Heap Size (in Bytes) <0x0-0xFFFFFFFF:8>
   21 00000200         ; </h>
   22 00000200         
   23 00000200 00000000 
                       Heap_Size
                               EQU              0x00000000
   24 00000200         
   25 00000200                 AREA             HEAP, NOINIT, READWRITE, ALIGN=
3
   26 00000000         __heap_base
   27 00000000         Heap_Mem
                               SPACE            Heap_Size
   28 00000000         __heap_limit
   29 00000000         
   30 00000000                 PRESERVE8
   31 00000000                 THUMB
   32 00000000         
   33 00000000         
   34 00000000         ; Vector Table Mapped to Address 0 at Reset
   35 00000000                 AREA             RESET, DATA, READONLY
   36 00000000                 EXPORT           __Vectors
   37 00000000                 EXPORT           __Vectors_End
   38 00000000                 EXPORT           __Vectors_Size
   39 00000000         
   40 00000000 00000000 
                       __Vectors
                               DCD              __initial_sp ; Top of Stack
   41 00000004 00000000        DCD              Reset_Handler ; Reset Handler
   42 00000008 00000000        DCD              NMI_Handler ; NMI Handler
   43 0000000C 00000000        DCD              HardFault_Handler ; Hard Fault 
                                                            Handler
   44 00000010 00000000        DCD              MemManage_Handler ; MPU Fault H
                                                            andler    ;;new 



ARM Macro Assembler    Page 2 


   45 00000014 00000000        DCD              BusFault_Handler ; Bus Fault Ha
                                                            ndler  ;;new
   46 00000018 00000000        DCD              UsageFault_Handler ; Usage Faul
                                                            t Handler         ;
                                                            ;new
   47 0000001C 00000000        DCD              0           ; Reserved
   48 00000020 00000000        DCD              0           ; Reserved
   49 00000024 00000000        DCD              0           ; Reserved
   50 00000028 00000000        DCD              0           ; Reserved
   51 0000002C 00000000        DCD              SVC_Handler ; SVCall Handler
   52 00000030 00000000        DCD              DebugMon_Handler ; Debug Monito
                                                            r Handler          
                                                            ;;new
   53 00000034 00000000        DCD              0           ; Reserved
   54 00000038 00000000        DCD              PendSV_Handler ; PendSV Handler
                                                            
   55 0000003C 00000000        DCD              SysTick_Handler 
                                                            ; SysTick Handler
   56 00000040         
   57 00000040         ; External Interrupts
   58 00000040 00000000        DCD              WWDG_IRQHandler 
                                                            ; Window Watchdog
   59 00000044 00000000        DCD              PVD_IRQHandler ; PVD through EX
                                                            TI Line detect
   60 00000048 00000000        DCD              0           ; Reserved
   61 0000004C 00000000        DCD              FLASH_IRQHandler ; FLASH
   62 00000050 00000000        DCD              RCC_IRQHandler ; RCC 
   63 00000054 00000000        DCD              EXTI0_1_IRQHandler 
                                                            ; EXTI Line 0 and 1
                                                            
   64 00000058 00000000        DCD              EXTI2_3_IRQHandler 
                                                            ; EXTI Line 2 and 3
                                                            
   65 0000005C 00000000        DCD              EXTI4_15_IRQHandler 
                                                            ; EXTI Line 4 to 15
                                                            
   66 00000060 00000000        DCD              0           ; Reserved
   67 00000064 00000000        DCD              DMA1_Channel1_IRQHandler 
                                                            ; DMA1 Channel 1
   68 00000068 00000000        DCD              DMA1_Channel2_3_IRQHandler ; DM
                                                            A1 Channel 2 and Ch
                                                            annel 3
   69 0000006C 00000000        DCD              DMA1_Channel4_5_IRQHandler ; DM
                                                            A1 Channel 4 and Ch
                                                            annel 5
   70 00000070 00000000        DCD              ADC1_IRQHandler ; ADC1
   71 00000074 00000000        DCD              TIM1_BRK_UP_TRG_COM_IRQHandler 
                                                            ; TIM1 Break, Updat
                                                            e, Trigger and Comm
                                                            utation
   72 00000078 00000000        DCD              TIM1_CC_IRQHandler ; TIM1 Captu
                                                            re Compare
   73 0000007C 00000000        DCD              TIM2_IRQHandler ; TIM2
   74 00000080 00000000        DCD              TIM3_IRQHandler ; TIM3
   75 00000084 00000000        DCD              0           ; Reserved
   76 00000088 00000000        DCD              0           ; Reserved
   77 0000008C 00000000        DCD              TIM14_IRQHandler ; TIM14
   78 00000090 00000000        DCD              0           ; Reserved
   79 00000094 00000000        DCD              TIM16_IRQHandler ; TIM16



ARM Macro Assembler    Page 3 


   80 00000098 00000000        DCD              TIM17_IRQHandler ; TIM17
   81 0000009C 00000000        DCD              I2C1_IRQHandler ; I2C1
   82 000000A0 00000000        DCD              0           ; Reserved
   83 000000A4 00000000        DCD              0           ; Reserved
   84 000000A8 00000000        DCD              SPI2_IRQHandler ; SPI2
   85 000000AC 00000000        DCD              0           ; Reserved
   86 000000B0 00000000        DCD              UART2_IRQHandler ; UART2
   87 000000B4         
   88 000000B4         
   89 000000B4         __Vectors_End
   90 000000B4         
   91 000000B4 000000B4 
                       __Vectors_Size
                               EQU              __Vectors_End - __Vectors
   92 000000B4         
   93 000000B4                 AREA             |.text|, CODE, READONLY
   94 00000000         
   95 00000000         ; Reset handler routine
   96 00000000         Reset_Handler
                               PROC
   97 00000000                 EXPORT           Reset_Handler                 [
WEAK]
   98 00000000                 IMPORT           __main
   99 00000000                 IMPORT           SystemInit
  100 00000000         
  101 00000000         
  102 00000000         
  103 00000000 4811            LDR              R0, =__initial_sp ; set stack p
                                                            ointer 
  104 00000002 F380 8808       MSR              MSP, R0
  105 00000006         
  106 00000006         ;;Check if boot space corresponds to test memory 
  107 00000006         
  108 00000006 4811            LDR              R0,=0x00000004
  109 00000008 6801            LDR              R1, [R0]
  110 0000000A 0E09            LSRS             R1, R1, #24
  111 0000000C 4A10            LDR              R2,=0x1F
  112 0000000E 4291            CMP              R1, R2
  113 00000010         
  114 00000010 D105            BNE              ApplicationStart
  115 00000012         
  116 00000012         ;; SYSCFG clock enable    
  117 00000012         
  118 00000012 4810            LDR              R0,=0x40021018
  119 00000014 4910            LDR              R1,=0x00000001
  120 00000016 6001            STR              R1, [R0]
  121 00000018         
  122 00000018         ;; Set CFGR1 register with flash memory remap at address
                        0
  123 00000018         
  124 00000018 4810            LDR              R0,=0x40010000
  125 0000001A 4911            LDR              R1,=0x00000000
  126 0000001C 6001            STR              R1, [R0]
  127 0000001E         ApplicationStart
  128 0000001E 4811            LDR              R0, =SystemInit
  129 00000020 4780            BLX              R0
  130 00000022 4811            LDR              R0, =__main
  131 00000024 4700            BX               R0
  132 00000026                 ENDP



ARM Macro Assembler    Page 4 


  133 00000026         
  134 00000026         ; Dummy Exception Handlers (infinite loops which can be 
                       modified)
  135 00000026         
  136 00000026         NMI_Handler
                               PROC
  137 00000026                 EXPORT           NMI_Handler                    
[WEAK]
  138 00000026 E7FE            B                .
  139 00000028                 ENDP
  141 00000028         HardFault_Handler
                               PROC
  142 00000028                 EXPORT           HardFault_Handler              
[WEAK]
  143 00000028 E7FE            B                .
  144 0000002A                 ENDP
  146 0000002A         MemManage_Handler
                               PROC
  147 0000002A                 EXPORT           MemManage_Handler              
[WEAK]
  148 0000002A E7FE            B                .
  149 0000002C                 ENDP
  151 0000002C         BusFault_Handler
                               PROC
  152 0000002C                 EXPORT           BusFault_Handler               
[WEAK]
  153 0000002C E7FE            B                .
  154 0000002E                 ENDP
  156 0000002E         UsageFault_Handler
                               PROC
  157 0000002E                 EXPORT           UsageFault_Handler             
[WEAK]
  158 0000002E E7FE            B                .
  159 00000030                 ENDP
  160 00000030         SVC_Handler
                               PROC
  161 00000030                 EXPORT           SVC_Handler                    
[WEAK]
  162 00000030 E7FE            B                .
  163 00000032                 ENDP
  165 00000032         DebugMon_Handler
                               PROC
  166 00000032                 EXPORT           DebugMon_Handler               
[WEAK]
  167 00000032 E7FE            B                .
  168 00000034                 ENDP
  169 00000034         PendSV_Handler
                               PROC
  170 00000034                 EXPORT           PendSV_Handler                 
[WEAK]
  171 00000034 E7FE            B                .
  172 00000036                 ENDP
  173 00000036         SysTick_Handler
                               PROC
  174 00000036                 EXPORT           SysTick_Handler                
[WEAK]
  175 00000036 E7FE            B                .
  176 00000038                 ENDP
  177 00000038         



ARM Macro Assembler    Page 5 


  178 00000038         Default_Handler
                               PROC
  179 00000038         
  180 00000038                 EXPORT           WWDG_IRQHandler                
[WEAK]
  181 00000038                 EXPORT           PVD_IRQHandler                 
[WEAK]
  182 00000038         
  183 00000038                 EXPORT           FLASH_IRQHandler               
[WEAK]
  184 00000038                 EXPORT           RCC_IRQHandler                 
[WEAK]
  185 00000038                 EXPORT           EXTI0_1_IRQHandler             
[WEAK]
  186 00000038                 EXPORT           EXTI2_3_IRQHandler             
[WEAK]
  187 00000038                 EXPORT           EXTI4_15_IRQHandler            
[WEAK]
  188 00000038                 EXPORT           DMA1_Channel1_IRQHandler       
[WEAK]
  189 00000038                 EXPORT           DMA1_Channel2_3_IRQHandler     
[WEAK]
  190 00000038                 EXPORT           DMA1_Channel4_5_IRQHandler     
[WEAK]
  191 00000038                 EXPORT           ADC1_IRQHandler                
[WEAK]
  192 00000038                 EXPORT           TIM1_BRK_UP_TRG_COM_IRQHandler 
[WEAK]
  193 00000038                 EXPORT           TIM1_CC_IRQHandler             
[WEAK]
  194 00000038                 EXPORT           TIM2_IRQHandler                
[WEAK]
  195 00000038                 EXPORT           TIM3_IRQHandler                
[WEAK]
  196 00000038                 EXPORT           TIM14_IRQHandler               
[WEAK]
  197 00000038                 EXPORT           TIM16_IRQHandler               
[WEAK]
  198 00000038                 EXPORT           TIM17_IRQHandler               
[WEAK]
  199 00000038                 EXPORT           I2C1_IRQHandler                
[WEAK]
  200 00000038         
  201 00000038                 EXPORT           SPI2_IRQHandler                
[WEAK]
  202 00000038         
  203 00000038                 EXPORT           UART2_IRQHandler               
[WEAK]
  204 00000038         
  205 00000038         
  206 00000038         
  207 00000038         WWDG_IRQHandler
  208 00000038         PVD_IRQHandler
  209 00000038         
  210 00000038         FLASH_IRQHandler
  211 00000038         RCC_IRQHandler
  212 00000038         EXTI0_1_IRQHandler
  213 00000038         EXTI2_3_IRQHandler
  214 00000038         EXTI4_15_IRQHandler



ARM Macro Assembler    Page 6 


  215 00000038         DMA1_Channel1_IRQHandler
  216 00000038         DMA1_Channel2_3_IRQHandler
  217 00000038         DMA1_Channel4_5_IRQHandler
  218 00000038         ADC1_IRQHandler
  219 00000038         TIM1_BRK_UP_TRG_COM_IRQHandler
  220 00000038         TIM1_CC_IRQHandler
  221 00000038         TIM2_IRQHandler
  222 00000038         TIM3_IRQHandler
  223 00000038         TIM14_IRQHandler
  224 00000038         TIM16_IRQHandler
  225 00000038         TIM17_IRQHandler
  226 00000038         I2C1_IRQHandler
  227 00000038         
  228 00000038         SPI2_IRQHandler
  229 00000038         
  230 00000038         UART2_IRQHandler
  231 00000038         
  232 00000038         
  233 00000038 E7FE            B                .
  234 0000003A         
  235 0000003A                 ENDP
  236 0000003A         
  237 0000003A 00 00           ALIGN
  238 0000003C         
  239 0000003C         ;*******************************************************
                       ************************
  240 0000003C         ; User Stack and Heap initialization
  241 0000003C         ;*******************************************************
                       ************************
  242 0000003C                 IF               :DEF:__MICROLIB
  249 0000003C         
  250 0000003C                 IMPORT           __use_two_region_memory
  251 0000003C                 EXPORT           __user_initial_stackheap
  252 0000003C         
  253 0000003C         __user_initial_stackheap
  254 0000003C         
  255 0000003C 480B            LDR              R0, =  Heap_Mem
  256 0000003E 490C            LDR              R1, =(Stack_Mem + Stack_Size)
  257 00000040 4A0A            LDR              R2, = (Heap_Mem +  Heap_Size)
  258 00000042 4B0C            LDR              R3, = Stack_Mem
  259 00000044 4770            BX               LR
  260 00000046         
  261 00000046 00 00           ALIGN
  262 00000048         
  263 00000048                 ENDIF
  264 00000048         
  265 00000048                 END
              00000000 
              00000004 
              0000001F 
              40021018 
              00000001 
              40010000 
              00000000 
              00000000 
              00000000 
              00000000 
              00000200 
              00000000 



ARM Macro Assembler    Page 7 


Command Line: --debug --xref --diag_suppress=9931 --cpu=Cortex-M0 --apcs=interw
ork --depend=.\objects\startup_mm32f003_q.d -o.\objects\startup_mm32f003_q.o -I
"\vmware-host\Shared Folders\TEMP_Floder\FOC\Project\RTE" -IC:\Software\Keil_v5
\ARM\PACK\MindMotion\MM32F003_DFP\1.0.3\Device\MM32F003\Include -IC:\Software\K
eil_v5\ARM\CMSIS\Include --predefine="__UVISION_VERSION SETA 517" --predefine="
MM32F003NW SETA 1" --list=.\listings\startup_mm32f003_q.lst ..\device\MM32F003_
q\Source\KEIL_StartAsm\startup_MM32F003_q.s



ARM Macro Assembler    Page 1 Alphabetic symbol ordering
Relocatable symbols

STACK 00000000

Symbol: STACK
   Definitions
      At line 14 in file ..\device\MM32F003_q\Source\KEIL_StartAsm\startup_MM32
F003_q.s
   Uses
      None
Comment: STACK unused
Stack_Mem 00000000

Symbol: Stack_Mem
   Definitions
      At line 15 in file ..\device\MM32F003_q\Source\KEIL_StartAsm\startup_MM32
F003_q.s
   Uses
      At line 256 in file ..\device\MM32F003_q\Source\KEIL_StartAsm\startup_MM3
2F003_q.s
      At line 258 in file ..\device\MM32F003_q\Source\KEIL_StartAsm\startup_MM3
2F003_q.s

__initial_sp 00000200

Symbol: __initial_sp
   Definitions
      At line 16 in file ..\device\MM32F003_q\Source\KEIL_StartAsm\startup_MM32
F003_q.s
   Uses
      At line 40 in file ..\device\MM32F003_q\Source\KEIL_StartAsm\startup_MM32
F003_q.s
      At line 103 in file ..\device\MM32F003_q\Source\KEIL_StartAsm\startup_MM3
2F003_q.s

3 symbols



ARM Macro Assembler    Page 1 Alphabetic symbol ordering
Relocatable symbols

HEAP 00000000

Symbol: HEAP
   Definitions
      At line 25 in file ..\device\MM32F003_q\Source\KEIL_StartAsm\startup_MM32
F003_q.s
   Uses
      None
Comment: HEAP unused
Heap_Mem 00000000

Symbol: Heap_Mem
   Definitions
      At line 27 in file ..\device\MM32F003_q\Source\KEIL_StartAsm\startup_MM32
F003_q.s
   Uses
      At line 255 in file ..\device\MM32F003_q\Source\KEIL_StartAsm\startup_MM3
2F003_q.s
      At line 257 in file ..\device\MM32F003_q\Source\KEIL_StartAsm\startup_MM3
2F003_q.s

__heap_base 00000000

Symbol: __heap_base
   Definitions
      At line 26 in file ..\device\MM32F003_q\Source\KEIL_StartAsm\startup_MM32
F003_q.s
   Uses
      None
Comment: __heap_base unused
__heap_limit 00000000

Symbol: __heap_limit
   Definitions
      At line 28 in file ..\device\MM32F003_q\Source\KEIL_StartAsm\startup_MM32
F003_q.s
   Uses
      None
Comment: __heap_limit unused
4 symbols



ARM Macro Assembler    Page 1 Alphabetic symbol ordering
Relocatable symbols

RESET 00000000

Symbol: RESET
   Definitions
      At line 35 in file ..\device\MM32F003_q\Source\KEIL_StartAsm\startup_MM32
F003_q.s
   Uses
      None
Comment: RESET unused
__Vectors 00000000

Symbol: __Vectors
   Definitions
      At line 40 in file ..\device\MM32F003_q\Source\KEIL_StartAsm\startup_MM32
F003_q.s
   Uses
      At line 36 in file ..\device\MM32F003_q\Source\KEIL_StartAsm\startup_MM32
F003_q.s
      At line 91 in file ..\device\MM32F003_q\Source\KEIL_StartAsm\startup_MM32
F003_q.s

__Vectors_End 000000B4

Symbol: __Vectors_End
   Definitions
      At line 89 in file ..\device\MM32F003_q\Source\KEIL_StartAsm\startup_MM32
F003_q.s
   Uses
      At line 37 in file ..\device\MM32F003_q\Source\KEIL_StartAsm\startup_MM32
F003_q.s
      At line 91 in file ..\device\MM32F003_q\Source\KEIL_StartAsm\startup_MM32
F003_q.s

3 symbols



ARM Macro Assembler    Page 1 Alphabetic symbol ordering
Relocatable symbols

.text 00000000

Symbol: .text
   Definitions
      At line 93 in file ..\device\MM32F003_q\Source\KEIL_StartAsm\startup_MM32
F003_q.s
   Uses
      None
Comment: .text unused
ADC1_IRQHandler 00000038

Symbol: ADC1_IRQHandler
   Definitions
      At line 218 in file ..\device\MM32F003_q\Source\KEIL_StartAsm\startup_MM3
2F003_q.s
   Uses
      At line 70 in file ..\device\MM32F003_q\Source\KEIL_StartAsm\startup_MM32
F003_q.s
      At line 191 in file ..\device\MM32F003_q\Source\KEIL_StartAsm\startup_MM3
2F003_q.s

ApplicationStart 0000001E

Symbol: ApplicationStart
   Definitions
      At line 127 in file ..\device\MM32F003_q\Source\KEIL_StartAsm\startup_MM3
2F003_q.s
   Uses
      At line 114 in file ..\device\MM32F003_q\Source\KEIL_StartAsm\startup_MM3
2F003_q.s
Comment: ApplicationStart used once
BusFault_Handler 0000002C

Symbol: BusFault_Handler
   Definitions
      At line 151 in file ..\device\MM32F003_q\Source\KEIL_StartAsm\startup_MM3
2F003_q.s
   Uses
      At line 45 in file ..\device\MM32F003_q\Source\KEIL_StartAsm\startup_MM32
F003_q.s
      At line 152 in file ..\device\MM32F003_q\Source\KEIL_StartAsm\startup_MM3
2F003_q.s

DMA1_Channel1_IRQHandler 00000038

Symbol: DMA1_Channel1_IRQHandler
   Definitions
      At line 215 in file ..\device\MM32F003_q\Source\KEIL_StartAsm\startup_MM3
2F003_q.s
   Uses
      At line 67 in file ..\device\MM32F003_q\Source\KEIL_StartAsm\startup_MM32
F003_q.s
      At line 188 in file ..\device\MM32F003_q\Source\KEIL_StartAsm\startup_MM3
2F003_q.s

DMA1_Channel2_3_IRQHandler 00000038

Symbol: DMA1_Channel2_3_IRQHandler
   Definitions



ARM Macro Assembler    Page 2 Alphabetic symbol ordering
Relocatable symbols

      At line 216 in file ..\device\MM32F003_q\Source\KEIL_StartAsm\startup_MM3
2F003_q.s
   Uses
      At line 68 in file ..\device\MM32F003_q\Source\KEIL_StartAsm\startup_MM32
F003_q.s
      At line 189 in file ..\device\MM32F003_q\Source\KEIL_StartAsm\startup_MM3
2F003_q.s

DMA1_Channel4_5_IRQHandler 00000038

Symbol: DMA1_Channel4_5_IRQHandler
   Definitions
      At line 217 in file ..\device\MM32F003_q\Source\KEIL_StartAsm\startup_MM3
2F003_q.s
   Uses
      At line 69 in file ..\device\MM32F003_q\Source\KEIL_StartAsm\startup_MM32
F003_q.s
      At line 190 in file ..\device\MM32F003_q\Source\KEIL_StartAsm\startup_MM3
2F003_q.s

DebugMon_Handler 00000032

Symbol: DebugMon_Handler
   Definitions
      At line 165 in file ..\device\MM32F003_q\Source\KEIL_StartAsm\startup_MM3
2F003_q.s
   Uses
      At line 52 in file ..\device\MM32F003_q\Source\KEIL_StartAsm\startup_MM32
F003_q.s
      At line 166 in file ..\device\MM32F003_q\Source\KEIL_StartAsm\startup_MM3
2F003_q.s

Default_Handler 00000038

Symbol: Default_Handler
   Definitions
      At line 178 in file ..\device\MM32F003_q\Source\KEIL_StartAsm\startup_MM3
2F003_q.s
   Uses
      None
Comment: Default_Handler unused
EXTI0_1_IRQHandler 00000038

Symbol: EXTI0_1_IRQHandler
   Definitions
      At line 212 in file ..\device\MM32F003_q\Source\KEIL_StartAsm\startup_MM3
2F003_q.s
   Uses
      At line 63 in file ..\device\MM32F003_q\Source\KEIL_StartAsm\startup_MM32
F003_q.s
      At line 185 in file ..\device\MM32F003_q\Source\KEIL_StartAsm\startup_MM3
2F003_q.s

EXTI2_3_IRQHandler 00000038

Symbol: EXTI2_3_IRQHandler
   Definitions
      At line 213 in file ..\device\MM32F003_q\Source\KEIL_StartAsm\startup_MM3
2F003_q.s



ARM Macro Assembler    Page 3 Alphabetic symbol ordering
Relocatable symbols

   Uses
      At line 64 in file ..\device\MM32F003_q\Source\KEIL_StartAsm\startup_MM32
F003_q.s
      At line 186 in file ..\device\MM32F003_q\Source\KEIL_StartAsm\startup_MM3
2F003_q.s

EXTI4_15_IRQHandler 00000038

Symbol: EXTI4_15_IRQHandler
   Definitions
      At line 214 in file ..\device\MM32F003_q\Source\KEIL_StartAsm\startup_MM3
2F003_q.s
   Uses
      At line 65 in file ..\device\MM32F003_q\Source\KEIL_StartAsm\startup_MM32
F003_q.s
      At line 187 in file ..\device\MM32F003_q\Source\KEIL_StartAsm\startup_MM3
2F003_q.s

FLASH_IRQHandler 00000038

Symbol: FLASH_IRQHandler
   Definitions
      At line 210 in file ..\device\MM32F003_q\Source\KEIL_StartAsm\startup_MM3
2F003_q.s
   Uses
      At line 61 in file ..\device\MM32F003_q\Source\KEIL_StartAsm\startup_MM32
F003_q.s
      At line 183 in file ..\device\MM32F003_q\Source\KEIL_StartAsm\startup_MM3
2F003_q.s

HardFault_Handler 00000028

Symbol: HardFault_Handler
   Definitions
      At line 141 in file ..\device\MM32F003_q\Source\KEIL_StartAsm\startup_MM3
2F003_q.s
   Uses
      At line 43 in file ..\device\MM32F003_q\Source\KEIL_StartAsm\startup_MM32
F003_q.s
      At line 142 in file ..\device\MM32F003_q\Source\KEIL_StartAsm\startup_MM3
2F003_q.s

I2C1_IRQHandler 00000038

Symbol: I2C1_IRQHandler
   Definitions
      At line 226 in file ..\device\MM32F003_q\Source\KEIL_StartAsm\startup_MM3
2F003_q.s
   Uses
      At line 81 in file ..\device\MM32F003_q\Source\KEIL_StartAsm\startup_MM32
F003_q.s
      At line 199 in file ..\device\MM32F003_q\Source\KEIL_StartAsm\startup_MM3
2F003_q.s

MemManage_Handler 0000002A

Symbol: MemManage_Handler
   Definitions
      At line 146 in file ..\device\MM32F003_q\Source\KEIL_StartAsm\startup_MM3



ARM Macro Assembler    Page 4 Alphabetic symbol ordering
Relocatable symbols

2F003_q.s
   Uses
      At line 44 in file ..\device\MM32F003_q\Source\KEIL_StartAsm\startup_MM32
F003_q.s
      At line 147 in file ..\device\MM32F003_q\Source\KEIL_StartAsm\startup_MM3
2F003_q.s

NMI_Handler 00000026

Symbol: NMI_Handler
   Definitions
      At line 136 in file ..\device\MM32F003_q\Source\KEIL_StartAsm\startup_MM3
2F003_q.s
   Uses
      At line 42 in file ..\device\MM32F003_q\Source\KEIL_StartAsm\startup_MM32
F003_q.s
      At line 137 in file ..\device\MM32F003_q\Source\KEIL_StartAsm\startup_MM3
2F003_q.s

PVD_IRQHandler 00000038

Symbol: PVD_IRQHandler
   Definitions
      At line 208 in file ..\device\MM32F003_q\Source\KEIL_StartAsm\startup_MM3
2F003_q.s
   Uses
      At line 59 in file ..\device\MM32F003_q\Source\KEIL_StartAsm\startup_MM32
F003_q.s
      At line 181 in file ..\device\MM32F003_q\Source\KEIL_StartAsm\startup_MM3
2F003_q.s

PendSV_Handler 00000034

Symbol: PendSV_Handler
   Definitions
      At line 169 in file ..\device\MM32F003_q\Source\KEIL_StartAsm\startup_MM3
2F003_q.s
   Uses
      At line 54 in file ..\device\MM32F003_q\Source\KEIL_StartAsm\startup_MM32
F003_q.s
      At line 170 in file ..\device\MM32F003_q\Source\KEIL_StartAsm\startup_MM3
2F003_q.s

RCC_IRQHandler 00000038

Symbol: RCC_IRQHandler
   Definitions
      At line 211 in file ..\device\MM32F003_q\Source\KEIL_StartAsm\startup_MM3
2F003_q.s
   Uses
      At line 62 in file ..\device\MM32F003_q\Source\KEIL_StartAsm\startup_MM32
F003_q.s
      At line 184 in file ..\device\MM32F003_q\Source\KEIL_StartAsm\startup_MM3
2F003_q.s

Reset_Handler 00000000

Symbol: Reset_Handler
   Definitions



ARM Macro Assembler    Page 5 Alphabetic symbol ordering
Relocatable symbols

      At line 96 in file ..\device\MM32F003_q\Source\KEIL_StartAsm\startup_MM32
F003_q.s
   Uses
      At line 41 in file ..\device\MM32F003_q\Source\KEIL_StartAsm\startup_MM32
F003_q.s
      At line 97 in file ..\device\MM32F003_q\Source\KEIL_StartAsm\startup_MM32
F003_q.s

SPI2_IRQHandler 00000038

Symbol: SPI2_IRQHandler
   Definitions
      At line 228 in file ..\device\MM32F003_q\Source\KEIL_StartAsm\startup_MM3
2F003_q.s
   Uses
      At line 84 in file ..\device\MM32F003_q\Source\KEIL_StartAsm\startup_MM32
F003_q.s
      At line 201 in file ..\device\MM32F003_q\Source\KEIL_StartAsm\startup_MM3
2F003_q.s

SVC_Handler 00000030

Symbol: SVC_Handler
   Definitions
      At line 160 in file ..\device\MM32F003_q\Source\KEIL_StartAsm\startup_MM3
2F003_q.s
   Uses
      At line 51 in file ..\device\MM32F003_q\Source\KEIL_StartAsm\startup_MM32
F003_q.s
      At line 161 in file ..\device\MM32F003_q\Source\KEIL_StartAsm\startup_MM3
2F003_q.s

SysTick_Handler 00000036

Symbol: SysTick_Handler
   Definitions
      At line 173 in file ..\device\MM32F003_q\Source\KEIL_StartAsm\startup_MM3
2F003_q.s
   Uses
      At line 55 in file ..\device\MM32F003_q\Source\KEIL_StartAsm\startup_MM32
F003_q.s
      At line 174 in file ..\device\MM32F003_q\Source\KEIL_StartAsm\startup_MM3
2F003_q.s

TIM14_IRQHandler 00000038

Symbol: TIM14_IRQHandler
   Definitions
      At line 223 in file ..\device\MM32F003_q\Source\KEIL_StartAsm\startup_MM3
2F003_q.s
   Uses
      At line 77 in file ..\device\MM32F003_q\Source\KEIL_StartAsm\startup_MM32
F003_q.s
      At line 196 in file ..\device\MM32F003_q\Source\KEIL_StartAsm\startup_MM3
2F003_q.s

TIM16_IRQHandler 00000038

Symbol: TIM16_IRQHandler



ARM Macro Assembler    Page 6 Alphabetic symbol ordering
Relocatable symbols

   Definitions
      At line 224 in file ..\device\MM32F003_q\Source\KEIL_StartAsm\startup_MM3
2F003_q.s
   Uses
      At line 79 in file ..\device\MM32F003_q\Source\KEIL_StartAsm\startup_MM32
F003_q.s
      At line 197 in file ..\device\MM32F003_q\Source\KEIL_StartAsm\startup_MM3
2F003_q.s

TIM17_IRQHandler 00000038

Symbol: TIM17_IRQHandler
   Definitions
      At line 225 in file ..\device\MM32F003_q\Source\KEIL_StartAsm\startup_MM3
2F003_q.s
   Uses
      At line 80 in file ..\device\MM32F003_q\Source\KEIL_StartAsm\startup_MM32
F003_q.s
      At line 198 in file ..\device\MM32F003_q\Source\KEIL_StartAsm\startup_MM3
2F003_q.s

TIM1_BRK_UP_TRG_COM_IRQHandler 00000038

Symbol: TIM1_BRK_UP_TRG_COM_IRQHandler
   Definitions
      At line 219 in file ..\device\MM32F003_q\Source\KEIL_StartAsm\startup_MM3
2F003_q.s
   Uses
      At line 71 in file ..\device\MM32F003_q\Source\KEIL_StartAsm\startup_MM32
F003_q.s
      At line 192 in file ..\device\MM32F003_q\Source\KEIL_StartAsm\startup_MM3
2F003_q.s

TIM1_CC_IRQHandler 00000038

Symbol: TIM1_CC_IRQHandler
   Definitions
      At line 220 in file ..\device\MM32F003_q\Source\KEIL_StartAsm\startup_MM3
2F003_q.s
   Uses
      At line 72 in file ..\device\MM32F003_q\Source\KEIL_StartAsm\startup_MM32
F003_q.s
      At line 193 in file ..\device\MM32F003_q\Source\KEIL_StartAsm\startup_MM3
2F003_q.s

TIM2_IRQHandler 00000038

Symbol: TIM2_IRQHandler
   Definitions
      At line 221 in file ..\device\MM32F003_q\Source\KEIL_StartAsm\startup_MM3
2F003_q.s
   Uses
      At line 73 in file ..\device\MM32F003_q\Source\KEIL_StartAsm\startup_MM32
F003_q.s
      At line 194 in file ..\device\MM32F003_q\Source\KEIL_StartAsm\startup_MM3
2F003_q.s

TIM3_IRQHandler 00000038




ARM Macro Assembler    Page 7 Alphabetic symbol ordering
Relocatable symbols

Symbol: TIM3_IRQHandler
   Definitions
      At line 222 in file ..\device\MM32F003_q\Source\KEIL_StartAsm\startup_MM3
2F003_q.s
   Uses
      At line 74 in file ..\device\MM32F003_q\Source\KEIL_StartAsm\startup_MM32
F003_q.s
      At line 195 in file ..\device\MM32F003_q\Source\KEIL_StartAsm\startup_MM3
2F003_q.s

UART2_IRQHandler 00000038

Symbol: UART2_IRQHandler
   Definitions
      At line 230 in file ..\device\MM32F003_q\Source\KEIL_StartAsm\startup_MM3
2F003_q.s
   Uses
      At line 86 in file ..\device\MM32F003_q\Source\KEIL_StartAsm\startup_MM32
F003_q.s
      At line 203 in file ..\device\MM32F003_q\Source\KEIL_StartAsm\startup_MM3
2F003_q.s

UsageFault_Handler 0000002E

Symbol: UsageFault_Handler
   Definitions
      At line 156 in file ..\device\MM32F003_q\Source\KEIL_StartAsm\startup_MM3
2F003_q.s
   Uses
      At line 46 in file ..\device\MM32F003_q\Source\KEIL_StartAsm\startup_MM32
F003_q.s
      At line 157 in file ..\device\MM32F003_q\Source\KEIL_StartAsm\startup_MM3
2F003_q.s

WWDG_IRQHandler 00000038

Symbol: WWDG_IRQHandler
   Definitions
      At line 207 in file ..\device\MM32F003_q\Source\KEIL_StartAsm\startup_MM3
2F003_q.s
   Uses
      At line 58 in file ..\device\MM32F003_q\Source\KEIL_StartAsm\startup_MM32
F003_q.s
      At line 180 in file ..\device\MM32F003_q\Source\KEIL_StartAsm\startup_MM3
2F003_q.s

__user_initial_stackheap 0000003C

Symbol: __user_initial_stackheap
   Definitions
      At line 253 in file ..\device\MM32F003_q\Source\KEIL_StartAsm\startup_MM3
2F003_q.s
   Uses
      At line 251 in file ..\device\MM32F003_q\Source\KEIL_StartAsm\startup_MM3
2F003_q.s
Comment: __user_initial_stackheap used once
35 symbols



ARM Macro Assembler    Page 1 Alphabetic symbol ordering
Absolute symbols

Heap_Size 00000000

Symbol: Heap_Size
   Definitions
      At line 23 in file ..\device\MM32F003_q\Source\KEIL_StartAsm\startup_MM32
F003_q.s
   Uses
      At line 27 in file ..\device\MM32F003_q\Source\KEIL_StartAsm\startup_MM32
F003_q.s
      At line 257 in file ..\device\MM32F003_q\Source\KEIL_StartAsm\startup_MM3
2F003_q.s

Stack_Size 00000200

Symbol: Stack_Size
   Definitions
      At line 12 in file ..\device\MM32F003_q\Source\KEIL_StartAsm\startup_MM32
F003_q.s
   Uses
      At line 15 in file ..\device\MM32F003_q\Source\KEIL_StartAsm\startup_MM32
F003_q.s
      At line 256 in file ..\device\MM32F003_q\Source\KEIL_StartAsm\startup_MM3
2F003_q.s

__Vectors_Size 000000B4

Symbol: __Vectors_Size
   Definitions
      At line 91 in file ..\device\MM32F003_q\Source\KEIL_StartAsm\startup_MM32
F003_q.s
   Uses
      At line 38 in file ..\device\MM32F003_q\Source\KEIL_StartAsm\startup_MM32
F003_q.s
Comment: __Vectors_Size used once
3 symbols



ARM Macro Assembler    Page 1 Alphabetic symbol ordering
External symbols

SystemInit 00000000

Symbol: SystemInit
   Definitions
      At line 99 in file ..\device\MM32F003_q\Source\KEIL_StartAsm\startup_MM32
F003_q.s
   Uses
      At line 128 in file ..\device\MM32F003_q\Source\KEIL_StartAsm\startup_MM3
2F003_q.s
Comment: SystemInit used once
__main 00000000

Symbol: __main
   Definitions
      At line 98 in file ..\device\MM32F003_q\Source\KEIL_StartAsm\startup_MM32
F003_q.s
   Uses
      At line 130 in file ..\device\MM32F003_q\Source\KEIL_StartAsm\startup_MM3
2F003_q.s
Comment: __main used once
__use_two_region_memory 00000000

Symbol: __use_two_region_memory
   Definitions
      At line 250 in file ..\device\MM32F003_q\Source\KEIL_StartAsm\startup_MM3
2F003_q.s
   Uses
      None
Comment: __use_two_region_memory unused
3 symbols
387 symbols in table
